#
# A fatal error has been detected by the Java Runtime Environment:
#
#  EXCEPTION_ACCESS_VIOLATION (0xc0000005) at pc=0x02916aec, pid=8704, tid=2236
#
# JRE version: OpenJDK Runtime Environment Temurin-17.0.3+7 (17.0.3+7) (build 17.0.3+7)
# Java VM: OpenJDK Server VM Temurin-17.0.3+7 (17.0.3+7, mixed mode, emulated-client, sharing, tiered, parallel gc, windows-x86)
# Problematic frame:
# J 21811 c1 org.codehaus.plexus.util.introspection.ClassMap.populateMethodCache()V (76 bytes) @ 0x02916aec [0x02916a80+0x0000006c]
#
# No core dump will be written. Minidumps are not enabled by default on client versions of Windows
#
# If you would like to submit a bug report, please visit:
#   https://github.com/adoptium/adoptium-support/issues
#

---------------  S U M M A R Y ------------

Command Line: --add-modules=ALL-SYSTEM --add-opens=java.base/java.util=ALL-UNNAMED --add-opens=java.base/java.lang=ALL-UNNAMED --add-opens=java.base/sun.nio.fs=ALL-UNNAMED -Declipse.application=org.eclipse.jdt.ls.core.id1 -Dosgi.bundles.defaultStartLevel=4 -Declipse.product=org.eclipse.jdt.ls.core.product -Djava.import.generatesMetadataFilesAtProjectRoot=false -Dfile.encoding=utf8 -DwatchParentProcess=false -XX:+UseParallelGC -XX:GCTimeRatio=4 -XX:AdaptiveSizePolicyWeight=90 -Dsun.zip.disableMemoryMapping=true -Xmx1G -Xms100m -XX:+HeapDumpOnOutOfMemoryError -XX:HeapDumpPath=c:\Users\Admin-Pc\AppData\Roaming\Code\User\workspaceStorage\6ebe0c19253e63d6540f32d0a9387544\redhat.java c:\Users\Admin-Pc\.vscode\extensions\redhat.java-1.7.0-win32-ia32\server\plugins\org.eclipse.equinox.launcher_1.6.400.v20210924-0641.jar -configuration c:\Users\Admin-Pc\AppData\Roaming\Code\User\globalStorage\redhat.java\1.7.0\config_win -data c:\Users\Admin-Pc\AppData\Roaming\Code\User\workspaceStorage\6ebe0c19253e63d6540f32d0a9387544\redhat.java\jdt_ws

Host: Intel(R) Core(TM) i5-4210U CPU @ 1.70GHz, 4 cores, 3G,  Windows 10 Build 19041 (10.0.19041.1741)
Time: Fri Jun 24 19:26:31 2022 Hora est. Pacífico, Sudamérica elapsed time: 3504.083792 seconds (0d 0h 58m 24s)

---------------  T H R E A D  ---------------

Current thread (0x4a39b760):  JavaThread "Worker-21: Building" [_thread_in_Java, id=2236, stack(0x48f40000,0x48f90000)]

Stack: [0x48f40000,0x48f90000],  sp=0x48f8e7d0,  free space=313k
Native frames: (J=compiled Java code, j=interpreted, Vv=VM code, C=native code)
J 21811 c1 org.codehaus.plexus.util.introspection.ClassMap.populateMethodCache()V (76 bytes) @ 0x02916aec [0x02916a80+0x0000006c]
J 17546 c1 org.codehaus.plexus.util.introspection.ClassMap.<init>(Ljava/lang/Class;)V (36 bytes) @ 0x030e5388 [0x030e5200+0x00000188]
j  org.codehaus.plexus.util.introspection.ReflectionValueExtractor.getClassMap(Ljava/lang/Class;)Lorg/codehaus/plexus/util/introspection/ClassMap;+34
j  org.codehaus.plexus.util.introspection.ReflectionValueExtractor.getPropertyValue(Ljava/lang/Object;Ljava/lang/String;)Ljava/lang/Object;+14
j  org.codehaus.plexus.util.introspection.ReflectionValueExtractor.evaluate(Ljava/lang/String;Ljava/lang/Object;Z)Ljava/lang/Object;+219
J 24089 c1 org.apache.maven.plugin.PluginParameterExpressionEvaluator.evaluate(Ljava/lang/String;Ljava/lang/Class;)Ljava/lang/Object; (1319 bytes) @ 0x033264dc [0x033255c0+0x00000f1c]
j  org.apache.maven.plugin.PluginParameterExpressionEvaluator.evaluate(Ljava/lang/String;)Ljava/lang/Object;+3
j  org.codehaus.plexus.component.configurator.converters.AbstractConfigurationConverter.fromExpression(Lorg/codehaus/plexus/configuration/PlexusConfiguration;Lorg/codehaus/plexus/component/configurator/expression/ExpressionEvaluator;)Ljava/lang/Object;+66
j  org.codehaus.plexus.component.configurator.converters.composite.CollectionConverter.fromConfiguration(Lorg/codehaus/plexus/component/configurator/converters/lookup/ConverterLookup;Lorg/codehaus/plexus/configuration/PlexusConfiguration;Ljava/lang/Class;[Ljava/lang/reflect/Type;Ljava/lang/Class;Ljava/lang/ClassLoader;Lorg/codehaus/plexus/component/configurator/expression/ExpressionEvaluator;Lorg/codehaus/plexus/component/configurator/ConfigurationListener;)Ljava/lang/Object;+4
J 23482 c1 org.eclipse.sisu.plexus.CompositeBeanHelper.convertProperty(Ljava/lang/Class;Ljava/lang/Class;Ljava/lang/reflect/Type;Lorg/codehaus/plexus/configuration/PlexusConfiguration;)Ljava/lang/Object; (94 bytes) @ 0x01bbf10c [0x01bbef00+0x0000020c]
j  org.eclipse.sisu.plexus.CompositeBeanHelper.setProperty(Ljava/lang/Object;Ljava/lang/String;Ljava/lang/Class;Lorg/codehaus/plexus/configuration/PlexusConfiguration;)V+285
j  org.codehaus.plexus.component.configurator.converters.composite.ObjectWithFieldsConverter.processConfiguration(Lorg/codehaus/plexus/component/configurator/converters/lookup/ConverterLookup;Ljava/lang/Object;Ljava/lang/ClassLoader;Lorg/codehaus/plexus/configuration/PlexusConfiguration;Lorg/codehaus/plexus/component/configurator/expression/ExpressionEvaluator;Lorg/codehaus/plexus/component/configurator/ConfigurationListener;)V+80
j  org.codehaus.plexus.component.configurator.BasicComponentConfigurator.configureComponent(Ljava/lang/Object;Lorg/codehaus/plexus/configuration/PlexusConfiguration;Lorg/codehaus/plexus/component/configurator/expression/ExpressionEvaluator;Lorg/codehaus/plexus/classworlds/realm/ClassRealm;Lorg/codehaus/plexus/component/configurator/ConfigurationListener;)V+23
j  org.apache.maven.plugin.internal.DefaultMavenPluginManager.populatePluginFields(Ljava/lang/Object;Lorg/apache/maven/plugin/descriptor/MojoDescriptor;Lorg/codehaus/plexus/classworlds/realm/ClassRealm;Lorg/codehaus/plexus/configuration/PlexusConfiguration;Lorg/codehaus/plexus/component/configurator/expression/ExpressionEvaluator;)V+121
j  org.apache.maven.plugin.internal.DefaultMavenPluginManager.getConfiguredMojo(Ljava/lang/Class;Lorg/apache/maven/execution/MavenSession;Lorg/apache/maven/plugin/MojoExecution;)Ljava/lang/Object;+630
j  org.apache.maven.plugin.DefaultBuildPluginManager.executeMojo(Lorg/apache/maven/execution/MavenSession;Lorg/apache/maven/plugin/MojoExecution;)V+105
j  org.eclipse.m2e.core.internal.embedder.MavenExecutionContext.executeMojo(Lorg/apache/maven/execution/MavenSession;Lorg/apache/maven/plugin/MojoExecution;)V+143
J 17092 c1 org.eclipse.m2e.core.internal.embedder.MavenExecutionContext$$Lambda$333+0x4bb39930.call(Lorg/eclipse/m2e/core/embedder/IMavenExecutionContext;Lorg/eclipse/core/runtime/IProgressMonitor;)Ljava/lang/Object; (14 bytes) @ 0x035bdb88 [0x035bdae0+0x000000a8]
j  org.eclipse.m2e.core.internal.embedder.MavenExecutionContext.executeBare(Lorg/apache/maven/project/MavenProject;Lorg/eclipse/m2e/core/embedder/ICallable;Lorg/eclipse/core/runtime/IProgressMonitor;)Ljava/lang/Object;+95
j  org.eclipse.m2e.core.internal.embedder.MavenExecutionContext.execute(Lorg/apache/maven/project/MavenProject;Lorg/eclipse/m2e/core/embedder/ICallable;Lorg/eclipse/core/runtime/IProgressMonitor;)Ljava/lang/Object;+363
J 17091 c1 org.eclipse.m2e.core.internal.embedder.MavenExecutionContext.execute(Lorg/apache/maven/project/MavenProject;Lorg/apache/maven/plugin/MojoExecution;Lorg/eclipse/core/runtime/IProgressMonitor;)V (15 bytes) @ 0x035bd7c0 [0x035bd740+0x00000080]
j  org.eclipse.m2e.core.project.configurator.MojoExecutionBuildParticipant.build(ILorg/eclipse/core/runtime/IProgressMonitor;)Ljava/util/Set;+54
j  org.eclipse.m2e.core.internal.builder.MavenBuilderImpl.build(Lorg/apache/maven/execution/MavenSession;Lorg/eclipse/m2e/core/project/IMavenProjectFacade;ILjava/util/Map;Ljava/util/Map;Lorg/eclipse/core/runtime/IProgressMonitor;)Ljava/util/Set;+340
j  org.eclipse.m2e.core.internal.builder.MavenBuilder$1.method(Lorg/eclipse/m2e/core/embedder/IMavenExecutionContext;Lorg/eclipse/m2e/core/project/IMavenProjectFacade;Ljava/util/Map;ILjava/util/Map;Lorg/eclipse/core/runtime/IProgressMonitor;)[Lorg/eclipse/core/resources/IProject;+21
j  org.eclipse.m2e.core.internal.builder.MavenBuilder$1.method(Lorg/eclipse/m2e/core/embedder/IMavenExecutionContext;Lorg/eclipse/m2e/core/project/IMavenProjectFacade;Ljava/util/Map;ILjava/util/Map;Lorg/eclipse/core/runtime/IProgressMonitor;)Ljava/lang/Object;+10
j  org.eclipse.m2e.core.internal.builder.MavenBuilder$BuildMethod.lambda$1(Lorg/eclipse/m2e/core/project/IMavenProjectFacade;ILjava/util/Map;Lorg/eclipse/m2e/core/embedder/IMavenExecutionContext;Lorg/eclipse/core/runtime/IProgressMonitor;)Ljava/lang/Object;+41
j  org.eclipse.m2e.core.internal.builder.MavenBuilder$BuildMethod$$Lambda$328+0x4ba57468.call(Lorg/eclipse/m2e/core/embedder/IMavenExecutionContext;Lorg/eclipse/core/runtime/IProgressMonitor;)Ljava/lang/Object;+18
j  org.eclipse.m2e.core.internal.embedder.MavenExecutionContext.executeBare(Lorg/apache/maven/project/MavenProject;Lorg/eclipse/m2e/core/embedder/ICallable;Lorg/eclipse/core/runtime/IProgressMonitor;)Ljava/lang/Object;+95
j  org.eclipse.m2e.core.internal.embedder.MavenExecutionContext.execute(Lorg/apache/maven/project/MavenProject;Lorg/eclipse/m2e/core/embedder/ICallable;Lorg/eclipse/core/runtime/IProgressMonitor;)Ljava/lang/Object;+55
j  org.eclipse.m2e.core.internal.builder.MavenBuilder$BuildMethod.lambda$0(ILjava/util/Map;Lorg/eclipse/core/resources/IProject;Lorg/eclipse/m2e/core/embedder/IMavenExecutionContext;Lorg/eclipse/core/runtime/IProgressMonitor;)Ljava/lang/Object;+57
j  org.eclipse.m2e.core.internal.builder.MavenBuilder$BuildMethod$$Lambda$315+0x4ba4f978.call(Lorg/eclipse/m2e/core/embedder/IMavenExecutionContext;Lorg/eclipse/core/runtime/IProgressMonitor;)Ljava/lang/Object;+18
j  org.eclipse.m2e.core.internal.embedder.MavenExecutionContext.executeBare(Lorg/apache/maven/project/MavenProject;Lorg/eclipse/m2e/core/embedder/ICallable;Lorg/eclipse/core/runtime/IProgressMonitor;)Ljava/lang/Object;+95
j  org.eclipse.m2e.core.internal.embedder.MavenExecutionContext.execute(Lorg/apache/maven/project/MavenProject;Lorg/eclipse/m2e/core/embedder/ICallable;Lorg/eclipse/core/runtime/IProgressMonitor;)Ljava/lang/Object;+363
j  org.eclipse.m2e.core.internal.embedder.MavenExecutionContext.execute(Lorg/eclipse/m2e/core/embedder/ICallable;Lorg/eclipse/core/runtime/IProgressMonitor;)Ljava/lang/Object;+4
j  org.eclipse.m2e.core.internal.builder.MavenBuilder$BuildMethod.execute(ILjava/util/Map;Lorg/eclipse/core/runtime/IProgressMonitor;)Ljava/lang/Object;+103
j  org.eclipse.m2e.core.internal.builder.MavenBuilder.build(ILjava/util/Map;Lorg/eclipse/core/runtime/IProgressMonitor;)[Lorg/eclipse/core/resources/IProject;+31
j  org.eclipse.core.internal.events.BuildManager$2.run()V+27
J 15622 c1 org.eclipse.core.internal.events.BuildManager.basicBuild(ILorg/eclipse/core/resources/IncrementalProjectBuilder;Ljava/util/Map;Lorg/eclipse/core/runtime/MultiStatus;Lorg/eclipse/core/runtime/IProgressMonitor;)V (788 bytes) @ 0x027e68d4 [0x027e6060+0x00000874]
J 16388 c1 org.eclipse.core.internal.events.BuildManager.basicBuild(Lorg/eclipse/core/resources/IBuildConfiguration;ILorg/eclipse/core/resources/IBuildContext;[Lorg/eclipse/core/resources/ICommand;Lorg/eclipse/core/runtime/MultiStatus;Lorg/eclipse/core/runtime/IProgressMonitor;)V (269 bytes) @ 0x03468aa0 [0x03468660+0x00000440]
J 15521 c1 org.eclipse.core.internal.events.BuildManager$1.run()V (32 bytes) @ 0x032b4004 [0x032b3fa0+0x00000064]
J 15520 c1 org.eclipse.core.internal.events.BuildManager.basicBuild(Lorg/eclipse/core/resources/IBuildConfiguration;ILorg/eclipse/core/resources/IBuildContext;Lorg/eclipse/core/runtime/MultiStatus;Lorg/eclipse/core/runtime/IProgressMonitor;)V (136 bytes) @ 0x032b31fc [0x032b2ec0+0x0000033c]
j  org.eclipse.core.internal.events.BuildManager.basicBuildLoop([Lorg/eclipse/core/resources/IBuildConfiguration;[Lorg/eclipse/core/resources/IBuildConfiguration;ILorg/eclipse/core/runtime/MultiStatus;Lorg/eclipse/core/runtime/IProgressMonitor;IZ)V+119
J 17062 c1 org.eclipse.core.internal.events.BuildManager.basicBuildLoop([Lorg/eclipse/core/resources/IBuildConfiguration;[Lorg/eclipse/core/resources/IBuildConfiguration;ILorg/eclipse/core/runtime/MultiStatus;Lorg/eclipse/core/runtime/IProgressMonitor;)V (246 bytes) @ 0x035b2d30 [0x035b2b40+0x000001f0]
J 17060 c1 org.eclipse.core.internal.events.BuildManager.build([Lorg/eclipse/core/resources/IBuildConfiguration;[Lorg/eclipse/core/resources/IBuildConfiguration;ILorg/eclipse/core/runtime/IProgressMonitor;)Lorg/eclipse/core/runtime/IStatus; (95 bytes) @ 0x035b2384 [0x035b21a0+0x000001e4]
J 15750 c1 org.eclipse.core.internal.events.AutoBuildJob.doBuild(Lorg/eclipse/core/runtime/IProgressMonitor;)V (238 bytes) @ 0x032f2e30 [0x032f2be0+0x00000250]
J 15738 c1 org.eclipse.core.internal.events.AutoBuildJob.run(Lorg/eclipse/core/runtime/IProgressMonitor;)Lorg/eclipse/core/runtime/IStatus; (94 bytes) @ 0x032ed948 [0x032ed780+0x000001c8]
j  org.eclipse.core.internal.jobs.Worker.run()V+32
v  ~StubRoutines::call_stub


siginfo: EXCEPTION_ACCESS_VIOLATION (0xc0000005), reading address 0x0064008f


Register to memory mapping:

EIP=0x02916aec is at entry_point+108 in (nmethod*)0x02916908
EAX=0x2e6f3998 is an oop: [Ljava.lang.reflect.Method; 
{0x2e6f3998} - klass: 'java/lang/reflect/Method'[]
 - length: 169
EBX=0x0064006f is pointing into the stack for thread: 0x4a399e20
ECX=0x2e6f38c8 is an oop: java.util.Hashtable 
{0x2e6f38c8} - klass: 'java/util/Hashtable'
 - ---- fields (total size 10 words):
 - private transient 'count' 'I' @8  1
 - private 'threshold' 'I' @12  8
 - private 'loadFactor' 'F' @16  0.750000 (3f400000)
 - private transient 'modCount' 'I' @20  1
 - private transient 'table' '[Ljava/util/Hashtable$Entry;' @24  a 'java/util/Hashtable$Entry'[11] {0x2e6f38f0} (2e6f38f0)
 - private volatile transient 'keySet' 'Ljava/util/Set;' @28  NULL
 - private volatile transient 'entrySet' 'Ljava/util/Set;' @32  NULL
 - private volatile transient 'values' 'Ljava/util/Collection;' @36  NULL
EDX=0x00000001 is an unknown value
ESP=0x48f8e7d0 is pointing into the stack for thread: 0x4a39b760
EBP=0x48f8e8bc is pointing into the stack for thread: 0x4a39b760
ESI=0x000000a9 is an unknown value
EDI=0xffff0280 is an unknown value


Registers:
EAX=0x2e6f3998, EBX=0x0064006f, ECX=0x2e6f38c8, EDX=0x00000001
ESP=0x48f8e7d0, EBP=0x48f8e8bc, ESI=0x000000a9, EDI=0xffff0280
EIP=0x02916aec, EFLAGS=0x00010296

Top of Stack: (sp=0x48f8e7d0)
0x48f8e7d0:   2e6f3c48 4a39b760 48f8e838 0366588c
0x48f8e7e0:   4a39b760 4a39b760 00000001 4bb771f8
0x48f8e7f0:   061f3540 48f8e958 2e6f38b0 000000a9
0x48f8e800:   ffff027f ffff0161 019767c4 2e6f3998
0x48f8e810:   2e6f3c48 2e6f38c8 0000000b 3f400000
0x48f8e820:   463a26b0 00000000 48f8e8bc 030e5388
0x48f8e830:   00000000 48f8e844 48f8e874 019767c4
0x48f8e840:   00000000 041d4170 061f7038 0ffb7ed8 

Instructions: (pc=0x02916aec)
0x029169ec:   ff ff ff ff 1a 60 31 48 05 f0 64 28 11 c0 1f 48
0x029169fc:   24 38 18 38 05 f0 18 28 1b a0 1e b0 14 68 05 68
0x02916a0c:   05 68 05 68 08 68 05 68 37 f0 07 80 18 68 30 68
0x02916a1c:   15 00 01 f8 b5 ff 02 50 00 c0 05 68 01 f8 56 ff
0x02916a2c:   07 50 00 c0 05 68 01 f8 21 ff 07 50 00 c0 05 68
0x02916a3c:   01 f8 fd fe 07 50 00 c0 05 68 01 f8 e5 fe 07 50
0x02916a4c:   00 c0 05 68 01 f8 d2 fe 07 50 00 c0 05 68 05 68
0x02916a5c:   02 f8 eb 7a 98 1c 05 70 0b 68 01 f8 8a fe 06 90
0x02916a6c:   05 68 00 00 14 25 00 00 00 00 8b 52 f4 89 8a 54
0x02916a7c:   02 00 00 5a 66 66 66 0f 1f 84 00 00 00 00 00 66
0x02916a8c:   66 66 90 0f 1f 84 00 00 00 00 00 3b 41 04 0f 85
0x02916a9c:   c0 81 09 ff 89 84 24 00 c0 ff ff 55 83 ec 58 89
0x02916aac:   4c 24 28 be 10 bd b7 4b 8b 7e 1c 4f 89 7e 1c 83
0x02916abc:   ff 00 0f 8e 35 01 00 00 8b 71 08 8b ce 66 90 e8
0x02916acc:   50 1e 44 00 89 44 24 3c 8b 70 08 89 74 24 2c bf
0x02916adc:   00 00 00 00 3b fe 0f 8d f5 00 00 00 8b 5c b8 0c
0x02916aec:   8b 53 20 8b 72 0c 83 fe 00 0f 85 0e 00 00 00 89
0x02916afc:   7c 24 30 bf 11 04 00 00 e9 03 00 00 00 8b 7e 0c
0x02916b0c:   83 e7 01 83 ff 00 0f 85 4e 00 00 00 89 54 24 34
0x02916b1c:   8b 73 24 8b 5b 2c 8b cb 89 74 24 38 66 90 b8 ff
0x02916b2c:   ff ff ff e8 2c 87 09 ff 83 f8 00 0f 84 15 00 00
0x02916b3c:   00 8b 48 04 81 79 28 78 10 19 46 0f 85 c7 00 00
0x02916b4c:   00 e9 00 00 00 00 8b f0 8b 4c 24 34 8b 54 24 38
0x02916b5c:   89 34 24 e8 fc 89 09 ff 8b d8 83 fb 00 0f 84 49
0x02916b6c:   00 00 00 8b 4c 24 28 8b 71 10 3b 06 8b d3 8b ce
0x02916b7c:   89 5c 24 40 66 66 90 e8 f8 ef 18 ff 8b 4c 24 28
0x02916b8c:   8b 71 0c 8b 54 24 40 8b f9 8b cf 89 74 24 44 e8
0x02916b9c:   00 02 19 ff 8b d0 8b 5c 24 40 89 1c 24 8b 4c 24
0x02916bac:   44 90 b8 60 e0 19 46 e8 48 9b 7f ff 8b 7c 24 30
0x02916bbc:   47 64 8b 34 25 00 00 00 00 8b 76 f4 8b b6 4c 02
0x02916bcc:   00 00 85 06 8b 74 24 2c 8b 44 24 3c e9 03 ff ff
0x02916bdc:   ff 83 c4 58 5d 64 8b 1c 25 00 00 00 00 8b 5b f4 


Stack slot to memory mapping:
stack at sp + 0 slots: 0x2e6f3c48 is an oop: java.lang.reflect.Method 
{0x2e6f3c48} - klass: 'java/lang/reflect/Method'
 - ---- fields (total size 20 words):
 - 'override' 'Z' @8  false
 - volatile 'accessCheckCache' 'Ljava/lang/Object;' @12  NULL
 - private volatile transient 'hasRealParameterData' 'Z' @9  false
 - private volatile transient 'parameters' '[Ljava/lang/reflect/Parameter;' @16  NULL
 - private volatile transient 'declaredAnnotations' 'Ljava/util/Map;' @20  NULL
 - private 'slot' 'I' @24  0
 - private synchronized 'modifiers' 'I' @28  1
 - private synchronized 'clazz' 'Ljava/lang/Class;' @32  a 'java/lang/Class'{0x041d4170} = 'org/apache/maven/project/MavenProject' (41d4170)
 - private 'name' 'Ljava/lang/String;' @36  "setVersion"{0x0969d140} (969d140)
 - private 'returnType' 'Ljava/lang/Class;' @40  a 'java/lang/Class'{0x03a003d8} = void (3a003d8)
 - private 'parameterTypes' '[Ljava/lang/Class;' @44  a 'java/lang/Class'[1] {0x0969d170} (969d170)
 - private 'exceptionTypes' '[Ljava/lang/Class;' @48  a 'java/lang/Class'[0] {0x03ff6558} (3ff6558)
 - private transient 'signature' 'Ljava/lang/String;' @52  NULL
 - private transient 'genericInfo' 'Lsun/reflect/generics/repository/MethodRepository;' @56  NULL
 - private 'annotations' '[B' @60  NULL
 - private 'parameterAnnotations' '[B' @64  NULL
 - private 'annotationDefault' '[B' @68  NULL
 - private volatile 'methodAccessor' 'Ljdk/internal/reflect/MethodAccessor;' @72  NULL
 - private 'root' 'Ljava/lang/reflect/Method;' @76  a 'java/lang/reflect/Method'{0x0969d0f0} (969d0f0)
stack at sp + 1 slots: 0x4a39b760 is a thread
stack at sp + 2 slots: 0x48f8e838 is pointing into the stack for thread: 0x4a39b760
stack at sp + 3 slots: 0x0366588c is at entry_point+76 in (nmethod*)0x03665708
stack at sp + 4 slots: 0x4a39b760 is a thread
stack at sp + 5 slots: 0x4a39b760 is a thread
stack at sp + 6 slots: 0x00000001 is an unknown value
stack at sp + 7 slots: {method} {0x4bb771fc} 'evaluate' '(Ljava/lang/String;Ljava/lang/Object;Z)Ljava/lang/Object;' in 'org/codehaus/plexus/util/introspection/ReflectionValueExtractor'

--------------------------------------------------------------------------------
[Constant Pool (empty)]

--------------------------------------------------------------------------------

[MachCode]
  0x02916a80: 6666 660f | 1f84 0000 | 0000 0066 | 6666 900f | 1f84 0000 | 0000 003b | 4104 0f85 | c081 09ff 
  0x02916aa0: 8984 2400 | c0ff ff55 | 83ec 5889 | 4c24 28be | 10bd b74b | 8b7e 1c4f | 897e 1c83 | ff00 0f8e 
  0x02916ac0: 3501 0000 | 8b71 088b | ce66 90e8 | 501e 4400 | 8944 243c | 8b70 0889 | 7424 2cbf | 0000 0000 
  0x02916ae0: 3bfe 0f8d | f500 0000 | 8b5c b80c | 8b53 208b | 720c 83fe | 000f 850e | 0000 0089 | 7c24 30bf 
  0x02916b00: 1104 0000 | e903 0000 | 008b 7e0c | 83e7 0183 | ff00 0f85 | 4e00 0000 | 8954 2434 | 8b73 248b 
  0x02916b20: 5b2c 8bcb | 8974 2438 | 6690 b8ff | ffff ffe8 | 2c87 09ff | 83f8 000f | 8415 0000 | 008b 4804 
  0x02916b40: 8179 2878 | 1019 460f | 85c7 0000 | 00e9 0000 | 0000 8bf0 | 8b4c 2434 | 8b54 2438 | 8934 24e8 
  0x02916b60: fc89 09ff | 8bd8 83fb | 000f 8449 | 0000 008b | 4c24 288b | 7110 3b06 | 8bd3 8bce | 895c 2440 
  0x02916b80: 6666 90e8 | f8ef 18ff | 8b4c 2428 | 8b71 0c8b | 5424 408b | f98b cf89 | 7424 44e8 | 0002 19ff 
  0x02916ba0: 8bd0 8b5c | 2440 891c | 248b 4c24 | 4490 b860 | e019 46e8 | 489b 7fff | 8b7c 2430 | 4764 8b34 
  0x02916bc0: 2500 0000 | 008b 76f4 | 8bb6 4c02 | 0000 8506 | 8b74 242c | 8b44 243c | e903 ffff | ff83 c458 
  0x02916be0: 5d64 8b1c | 2500 0000 | 008b 5bf4 | 3ba3 4802 | 0000 0f87 | 2900 0000 | c3c7 0424 | 2cff ffff 
  0x02916c00: e8db 910e | ffe8 d658 | 0eff e8d1 | 580e ffe8 | cc58 0eff | 8904 24e8 | c47c 0eff | e8bf 580e 
  0x02916c20: ff51 52b9 | ec6b 9102 | 648b 1425 | 0000 0000 | 8b52 f489 | 8a54 0200 | 005a 59e9 | 20e4 09ff 
  0x02916c40: 9090 648b | 3425 0000 | 0000 8b76 | f48b 867c | 0200 00c7 | 867c 0200 | 0000 0000 | 00c7 8680 
  0x02916c60: 0200 0000 | 0000 0083 | c458 5de9 | 7003 07ff | f4f4 f4f4 | f4f4 f4f4 | f4f4 f4f4 | f4f4 f4f4 
  0x02916c80: 6690 bb00 | 0000 00e9 | fbff ffff | 6690 bb00 | 0000 00e9 | fbff ffff | 6690 bb00 | 0000 00e9 
  0x02916ca0: fbff ffff | 6690 bb00 | 0000 00e9 | fbff ffff | 6690 bb00 | 0000 00e9 | fbff ffff | 6690 bb00 
  0x02916cc0: 0000 00e9 | fbff ffff | e813 760e | ff68 981c | eb7a e800 | 0000 0060 | e843 a933 | 78f4 68de 
  0x02916ce0: 6c91 02e9 | 18d8 09ff 
[/MachCode]
--------------------------------------------------------------------------------


---------------  P R O C E S S  ---------------

Threads class SMR info:
_java_thread_list=0x4a9beb00, length=44, elements={
0x01700450, 0x46b48948, 0x46b499e8, 0x46b5c978,
0x46b5d510, 0x46b5e0a8, 0x46b5ec40, 0x46b5f9e0,
0x46b61460, 0x46bdcfa8, 0x46c10810, 0x47aff468,
0x47b791f0, 0x47b6dfa8, 0x47b6e2b8, 0x479ac530,
0x47c6c528, 0x46bd0e98, 0x46bd0b70, 0x46bcf558,
0x4a399e20, 0x4a39b110, 0x4a398e58, 0x4a39a148,
0x4a39b438, 0x4a39a470, 0x4a39bdb0, 0x4a398b30,
0x4a3997d0, 0x4a39c400, 0x4acfa078, 0x4acfbce0,
0x4acfad18, 0x4acfa3a0, 0x4acfb040, 0x4a39b760,
0x4a39ba88, 0x4af574e0, 0x4af571b8, 0x4af54f00,
0x4af54260, 0x4af57b30, 0x4af55228, 0x4af54588
}

Java Threads: ( => current thread )
  0x01700450 JavaThread "main" [_thread_blocked, id=8764, stack(0x00860000,0x008b0000)]
  0x46b48948 JavaThread "Reference Handler" daemon [_thread_blocked, id=8796, stack(0x46cd0000,0x46d20000)]
  0x46b499e8 JavaThread "Finalizer" daemon [_thread_blocked, id=8800, stack(0x46d20000,0x46d70000)]
  0x46b5c978 JavaThread "Signal Dispatcher" daemon [_thread_blocked, id=8804, stack(0x46ea0000,0x46ef0000)]
  0x46b5d510 JavaThread "Attach Listener" daemon [_thread_blocked, id=8808, stack(0x46ef0000,0x46f40000)]
  0x46b5e0a8 JavaThread "Service Thread" daemon [_thread_blocked, id=8812, stack(0x46f40000,0x46f90000)]
  0x46b5ec40 JavaThread "Monitor Deflation Thread" daemon [_thread_blocked, id=8816, stack(0x46f90000,0x46fe0000)]
  0x46b5f9e0 JavaThread "C1 CompilerThread0" daemon [_thread_blocked, id=8820, stack(0x47800000,0x47850000)]
  0x46b61460 JavaThread "Sweeper thread" daemon [_thread_blocked, id=8824, stack(0x47850000,0x478a0000)]
  0x46bdcfa8 JavaThread "Common-Cleaner" daemon [_thread_blocked, id=8840, stack(0x478a0000,0x478f0000)]
  0x46c10810 JavaThread "Notification Thread" daemon [_thread_blocked, id=8872, stack(0x478f0000,0x47940000)]
  0x47aff468 JavaThread "Active Thread: Equinox Container: 9ef8e7a6-d3ec-4e2a-ad3e-f93b375beaca" [_thread_blocked, id=8964, stack(0x48240000,0x48290000)]
  0x47b791f0 JavaThread "Refresh Thread: Equinox Container: 9ef8e7a6-d3ec-4e2a-ad3e-f93b375beaca" daemon [_thread_blocked, id=8972, stack(0x48290000,0x482e0000)]
  0x47b6dfa8 JavaThread "Framework Event Dispatcher: Equinox Container: 9ef8e7a6-d3ec-4e2a-ad3e-f93b375beaca" daemon [_thread_blocked, id=8976, stack(0x482e0000,0x48330000)]
  0x47b6e2b8 JavaThread "Start Level: Equinox Container: 9ef8e7a6-d3ec-4e2a-ad3e-f93b375beaca" daemon [_thread_blocked, id=8980, stack(0x48330000,0x48380000)]
  0x479ac530 JavaThread "SCR Component Actor" daemon [_thread_blocked, id=9000, stack(0x48470000,0x484c0000)]
  0x47c6c528 JavaThread "Bundle File Closer" daemon [_thread_blocked, id=9048, stack(0x48d10000,0x48d60000)]
  0x46bd0e98 JavaThread "Worker-JM" [_thread_blocked, id=9052, stack(0x48d60000,0x48db0000)]
  0x46bd0b70 JavaThread "Java indexing" daemon [_thread_blocked, id=9108, stack(0x48ea0000,0x48ef0000)]
  0x46bcf558 JavaThread "pool-1-thread-1" [_thread_in_native, id=9120, stack(0x48f90000,0x48fe0000)]
  0x4a399e20 JavaThread "Java Debug Server" daemon [_thread_in_native, id=8368, stack(0x00610000,0x00660000)]
  0x4a39b110 JavaThread "pool-2-thread-1" [_thread_in_native, id=8360, stack(0x4b280000,0x4b2d0000)]
  0x4a398e58 JavaThread "RxSchedulerPurge-1" daemon [_thread_blocked, id=8408, stack(0x4b2d0000,0x4b320000)]
  0x4a39a148 JavaThread "RxCachedWorkerPoolEvictor-1" daemon [_thread_blocked, id=8412, stack(0x4b320000,0x4b370000)]
  0x4a39b438 JavaThread "process reaper" daemon [_thread_in_native, id=9620, stack(0x48fe0000,0x49000000)]
  0x4a39a470 JavaThread "RxNewThreadScheduler-5" daemon [_thread_blocked, id=9840, stack(0x00390000,0x003e0000)]
  0x4a39bdb0 JavaThread "ForkJoinPool.commonPool-worker-5" daemon [_thread_blocked, id=6064, stack(0x48e50000,0x48ea0000)]
  0x4a398b30 JavaThread "Worker-9" [_thread_blocked, id=8564, stack(0x48e00000,0x48e50000)]
  0x4a3997d0 JavaThread "ForkJoinPool.commonPool-worker-10" daemon [_thread_blocked, id=2104, stack(0x4b190000,0x4b1e0000)]
  0x4a39c400 JavaThread "ForkJoinPool.commonPool-worker-13" daemon [_thread_blocked, id=3856, stack(0x4b1e0000,0x4b230000)]
  0x4acfa078 JavaThread "ForkJoinPool.commonPool-worker-14" daemon [_thread_blocked, id=9636, stack(0x4b370000,0x4b3c0000)]
  0x4acfbce0 JavaThread "Worker-18" [_thread_blocked, id=9356, stack(0x4b230000,0x4b280000)]
  0x4acfad18 JavaThread "Worker-19" [_thread_blocked, id=4124, stack(0x484c0000,0x48510000)]
  0x4acfa3a0 JavaThread "Worker-20" [_thread_blocked, id=5404, stack(0x48db0000,0x48e00000)]
  0x4acfb040 JavaThread "ForkJoinPool.commonPool-worker-15" daemon [_thread_blocked, id=7684, stack(0x48ef0000,0x48f40000)]
=>0x4a39b760 JavaThread "Worker-21: Building" [_thread_in_Java, id=2236, stack(0x48f40000,0x48f90000)]
  0x4a39ba88 JavaThread "ForkJoinPool.commonPool-worker-16" daemon [_thread_blocked, id=1936, stack(0x4afd0000,0x4b020000)]
  0x4af574e0 JavaThread "Worker-22" [_thread_blocked, id=6000, stack(0x4dc20000,0x4dc70000)]
  0x4af571b8 JavaThread "pool-81-thread-1" [_thread_blocked, id=2876, stack(0x4dc70000,0x4dcc0000)]
  0x4af54f00 JavaThread "pool-82-thread-1" [_thread_blocked, id=7192, stack(0x4dcc0000,0x4dd10000)]
  0x4af54260 JavaThread "pool-83-thread-1" [_thread_blocked, id=6464, stack(0x4dd10000,0x4dd60000)]
  0x4af57b30 JavaThread "pool-84-thread-1" [_thread_blocked, id=7276, stack(0x4dd60000,0x4ddb0000)]
  0x4af55228 JavaThread "pool-85-thread-1" [_thread_blocked, id=2596, stack(0x4ddb0000,0x4de00000)]
  0x4af54588 JavaThread "pool-86-thread-1" [_thread_blocked, id=7976, stack(0x4de00000,0x4de50000)]

Other Threads:
  0x017eb8b0 VMThread "VM Thread" [stack: 0x46c80000,0x46cd0000] [id=8792] _threads_hazard_ptr=0x4a9beb00
  0x46c10d80 WatcherThread [stack: 0x47940000,0x47990000] [id=8876]
  0x017111a0 GCTaskThread "GC Thread#0" [stack: 0x039b0000,0x03a00000] [id=8768]
  0x47b6d668 GCTaskThread "GC Thread#1" [stack: 0x48380000,0x483d0000] [id=8984]
  0x47b6d878 GCTaskThread "GC Thread#2" [stack: 0x483d0000,0x48420000] [id=8988]
  0x47b9f900 GCTaskThread "GC Thread#3" [stack: 0x48420000,0x48470000] [id=8992]

Threads with active compile tasks:

VM state: synchronizing (normal execution)

VM Mutex/Monitor currently owned by a thread:  ([mutex/lock_event])
[0x016fe470] Threads_lock - owner thread: 0x017eb8b0
[0x016fe788] Heap_lock - owner thread: 0x46bd0b70

GC Precious Log:
 CPUs: 4 total, 4 available
 Memory: 3225M
 Large Page Support: Disabled
 NUMA Support: Disabled
 Compressed Oops: Disabled
 Alignments: Space 256K, Generation 256K, Heap 2M
 Heap Min Capacity: 100M
 Heap Initial Capacity: 100M
 Heap Max Capacity: 1024M
 Pre-touch: Disabled
 Parallel Workers: 4

Heap:
 PSYoungGen      total 5120K, used 5009K [0x2e4c0000, 0x2edc0000, 0x43a00000)
  eden space 3584K, 100% used [0x2e4c0000,0x2e840000,0x2e840000)
  from space 1536K, 92% used [0x2ec40000,0x2eda4450,0x2edc0000)
  to   space 1536K, 0% used [0x2eac0000,0x2eac0000,0x2ec40000)
 ParOldGen       total 283392K, used 238438K [0x03a00000, 0x14ec0000, 0x2e4c0000)
  object space 283392K, 84% used [0x03a00000,0x122d9928,0x14ec0000)
 Metaspace       used 42591K, committed 43136K, reserved 49152K

Card table byte_map: [0x43a00000,0x43c10000] _byte_map_base: 0x439e3000

Marking Bits: (ParMarkBitMap*) 0x7b00de98
 Begin Bits: [0x43d70000, 0x44d70000)
 End Bits:   [0x44d70000, 0x45d70000)

Polling page: 0x008b0000

Metaspace:

Usage:
   41.59 MB used.

Virtual space:
     48.00 MB reserved,      42.12 MB ( 88%) committed,  6 nodes.

Chunk freelists:
1.51 MB

MaxMetaspaceSize: unlimited
No class space
Initial GC threshold: 16.00 MB
Current GC threshold: 70.12 MB
CDS: on
MetaspaceReclaimPolicy: balanced
 - commit_granule_bytes: 65536.
 - commit_granule_words: 16384.
 - virtual_space_node_default_size: 2097152.
 - enlarge_chunks_in_place: 1.
 - new_chunks_are_fully_committed: 0.
 - uncommit_free_chunks: 1.
 - use_allocation_guard: 0.
 - handle_deallocations: 1.


Internal statistics:

num_allocs_failed_limit: 6.
num_arena_births: 627.
num_arena_deaths: 328.
num_vsnodes_births: 6.
num_vsnodes_deaths: 0.
num_space_committed: 678.
num_space_uncommitted: 4.
num_chunks_returned_to_freelist: 340.
num_chunks_taken_from_freelist: 2439.
num_chunk_merges: 152.
num_chunk_splits: 1589.
num_chunks_enlarged: 1030.
num_purges: 16.
num_inconsistent_stats: 0.

CodeCache: size=32768Kb used=15558Kb max_used=29988Kb free=17209Kb
 bounds [0x01970000, 0x036c0000, 0x03970000]
 total_blobs=8476 nmethods=8205 adapters=197
 compilation: enabled
              stopped_count=0, restarted_count=0
 full_count=0

Compilation events (20 events):
Event: 3504.007 Thread 0x46b5f9e0 nmethod 24245 0x01e8dd08 code [0x01e8dec0, 0x01e8e138]
Event: 3504.007 Thread 0x46b5f9e0 24246       1       org.eclipse.aether.repository.RemoteRepository$Builder::setMirroredRepositories (72 bytes)
Event: 3504.008 Thread 0x46b5f9e0 nmethod 24246 0x01e8d888 code [0x01e8d9e0, 0x01e8dbe4]
Event: 3504.008 Thread 0x46b5f9e0 24247       1       java.util.AbstractQueue::add (20 bytes)
Event: 3504.008 Thread 0x46b5f9e0 nmethod 24247 0x01e8d508 code [0x01e8d640, 0x01e8d7b8]
Event: 3504.009 Thread 0x46b5f9e0 24248       1       org.eclipse.core.internal.dtree.AbstractDataTreeNode::indexOfChild (75 bytes)
Event: 3504.009 Thread 0x46b5f9e0 nmethod 24248 0x01e8d088 code [0x01e8d1c0, 0x01e8d3ac]
Event: 3504.009 Thread 0x46b5f9e0 24249       1       org.eclipse.m2e.core.internal.lifecyclemapping.model.PluginExecutionMetadata::getActionDom (5 bytes)
Event: 3504.010 Thread 0x46b5f9e0 nmethod 24249 0x01e8cd88 code [0x01e8cea0, 0x01e8cf80]
Event: 3504.010 Thread 0x46b5f9e0 24250   !   1       java.util.concurrent.ConcurrentHashMap::tryPresize (193 bytes)
Event: 3504.011 Thread 0x46b5f9e0 nmethod 24250 0x01e8c708 code [0x01e8c840, 0x01e8cbc4]
Event: 3504.012 Thread 0x46b5f9e0 24251   !   1       org.eclipse.sisu.inject.Guice4$1::get (50 bytes)
Event: 3504.013 Thread 0x46b5f9e0 nmethod 24251 0x01e8c308 code [0x01e8c440, 0x01e8c64c]
Event: 3504.013 Thread 0x46b5f9e0 24252       1       org.eclipse.aether.internal.impl.PrioritizedComponent::isDisabled (8 bytes)
Event: 3504.013 Thread 0x46b5f9e0 nmethod 24252 0x01e8c008 code [0x01e8c120, 0x01e8c240]
Event: 3504.013 Thread 0x46b5f9e0 24253       1       org.apache.maven.RepositoryUtils::toRepo (118 bytes)
Event: 3504.015 Thread 0x46b5f9e0 nmethod 24253 0x01e8b408 code [0x01e8b600, 0x01e8bbc8]
Event: 3504.015 Thread 0x46b5f9e0 24254   !   1       org.apache.maven.RepositoryUtils::getLayout (93 bytes)
Event: 3504.016 Thread 0x46b5f9e0 nmethod 24254 0x03480488 code [0x034806a0, 0x03480cc8]
Event: 3504.016 Thread 0x46b5f9e0 24265       1       com.google.inject.internal.InternalContext::getConstructionContext (40 bytes)

GC Heap History (20 events):
Event: 3502.910 GC heap before
{Heap before GC invocations=12557 (full 109):
 PSYoungGen      total 3072K, used 2832K [0x2e4c0000, 0x2e980000, 0x43a00000)
  eden space 1536K, 100% used [0x2e4c0000,0x2e640000,0x2e640000)
  from space 1536K, 84% used [0x2e800000,0x2e944000,0x2e980000)
  to   space 1536K, 0% used [0x2e680000,0x2e680000,0x2e800000)
 ParOldGen       total 283392K, used 217240K [0x03a00000, 0x14ec0000, 0x2e4c0000)
  object space 283392K, 76% used [0x03a00000,0x10e26260,0x14ec0000)
 Metaspace       used 42591K, committed 43136K, reserved 49152K
}
Event: 3502.917 GC heap after
{Heap after GC invocations=12557 (full 109):
 PSYoungGen      total 3328K, used 1536K [0x2e4c0000, 0x2ed40000, 0x43a00000)
  eden space 1792K, 0% used [0x2e4c0000,0x2e4c0000,0x2e680000)
  from space 1536K, 100% used [0x2e680000,0x2e800000,0x2e800000)
  to   space 3328K, 0% used [0x2ea00000,0x2ea00000,0x2ed40000)
 ParOldGen       total 283392K, used 218548K [0x03a00000, 0x14ec0000, 0x2e4c0000)
  object space 283392K, 77% used [0x03a00000,0x10f6d260,0x14ec0000)
 Metaspace       used 42591K, committed 43136K, reserved 49152K
}
Event: 3502.952 GC heap before
{Heap before GC invocations=12558 (full 109):
 PSYoungGen      total 3328K, used 3328K [0x2e4c0000, 0x2ed40000, 0x43a00000)
  eden space 1792K, 100% used [0x2e4c0000,0x2e680000,0x2e680000)
  from space 1536K, 100% used [0x2e680000,0x2e800000,0x2e800000)
  to   space 3328K, 0% used [0x2ea00000,0x2ea00000,0x2ed40000)
 ParOldGen       total 283392K, used 218548K [0x03a00000, 0x14ec0000, 0x2e4c0000)
  object space 283392K, 77% used [0x03a00000,0x10f6d260,0x14ec0000)
 Metaspace       used 42591K, committed 43136K, reserved 49152K
}
Event: 3502.960 GC heap after
{Heap after GC invocations=12558 (full 109):
 PSYoungGen      total 4096K, used 1568K [0x2e4c0000, 0x2ebc0000, 0x43a00000)
  eden space 2304K, 0% used [0x2e4c0000,0x2e4c0000,0x2e700000)
  from space 1792K, 87% used [0x2ea00000,0x2eb88000,0x2ebc0000)
  to   space 2048K, 0% used [0x2e7c0000,0x2e7c0000,0x2e9c0000)
 ParOldGen       total 283392K, used 220104K [0x03a00000, 0x14ec0000, 0x2e4c0000)
  object space 283392K, 77% used [0x03a00000,0x110f2260,0x14ec0000)
 Metaspace       used 42591K, committed 43136K, reserved 49152K
}
Event: 3503.011 GC heap before
{Heap before GC invocations=12559 (full 109):
 PSYoungGen      total 4096K, used 3872K [0x2e4c0000, 0x2ebc0000, 0x43a00000)
  eden space 2304K, 100% used [0x2e4c0000,0x2e700000,0x2e700000)
  from space 1792K, 87% used [0x2ea00000,0x2eb88000,0x2ebc0000)
  to   space 2048K, 0% used [0x2e7c0000,0x2e7c0000,0x2e9c0000)
 ParOldGen       total 283392K, used 220104K [0x03a00000, 0x14ec0000, 0x2e4c0000)
  object space 283392K, 77% used [0x03a00000,0x110f2260,0x14ec0000)
 Metaspace       used 42591K, committed 43136K, reserved 49152K
}
Event: 3503.018 GC heap after
{Heap after GC invocations=12559 (full 109):
 PSYoungGen      total 4864K, used 2046K [0x2e4c0000, 0x2f000000, 0x43a00000)
  eden space 2816K, 0% used [0x2e4c0000,0x2e4c0000,0x2e780000)
  from space 2048K, 99% used [0x2e7c0000,0x2e9bfbc8,0x2e9c0000)
  to   space 4352K, 0% used [0x2ebc0000,0x2ebc0000,0x2f000000)
 ParOldGen       total 283392K, used 221828K [0x03a00000, 0x14ec0000, 0x2e4c0000)
  object space 283392K, 78% used [0x03a00000,0x112a1260,0x14ec0000)
 Metaspace       used 42591K, committed 43136K, reserved 49152K
}
Event: 3503.084 GC heap before
{Heap before GC invocations=12560 (full 109):
 PSYoungGen      total 4864K, used 4862K [0x2e4c0000, 0x2f000000, 0x43a00000)
  eden space 2816K, 100% used [0x2e4c0000,0x2e780000,0x2e780000)
  from space 2048K, 99% used [0x2e7c0000,0x2e9bfbc8,0x2e9c0000)
  to   space 4352K, 0% used [0x2ebc0000,0x2ebc0000,0x2f000000)
 ParOldGen       total 283392K, used 221828K [0x03a00000, 0x14ec0000, 0x2e4c0000)
  object space 283392K, 78% used [0x03a00000,0x112a1260,0x14ec0000)
 Metaspace       used 42591K, committed 43136K, reserved 49152K
}
Event: 3503.094 GC heap after
{Heap after GC invocations=12560 (full 109):
 PSYoungGen      total 6656K, used 2736K [0x2e4c0000, 0x2eec0000, 0x43a00000)
  eden space 3584K, 0% used [0x2e4c0000,0x2e4c0000,0x2e840000)
  from space 3072K, 89% used [0x2ebc0000,0x2ee6c000,0x2eec0000)
  to   space 3328K, 0% used [0x2e840000,0x2e840000,0x2eb80000)
 ParOldGen       total 283392K, used 223908K [0x03a00000, 0x14ec0000, 0x2e4c0000)
  object space 283392K, 79% used [0x03a00000,0x114a9108,0x14ec0000)
 Metaspace       used 42591K, committed 43136K, reserved 49152K
}
Event: 3503.254 GC heap before
{Heap before GC invocations=12561 (full 109):
 PSYoungGen      total 6656K, used 6293K [0x2e4c0000, 0x2eec0000, 0x43a00000)
  eden space 3584K, 99% used [0x2e4c0000,0x2e839600,0x2e840000)
  from space 3072K, 89% used [0x2ebc0000,0x2ee6c000,0x2eec0000)
  to   space 3328K, 0% used [0x2e840000,0x2e840000,0x2eb80000)
 ParOldGen       total 283392K, used 223908K [0x03a00000, 0x14ec0000, 0x2e4c0000)
  object space 283392K, 79% used [0x03a00000,0x114a9108,0x14ec0000)
 Metaspace       used 42591K, committed 43136K, reserved 49152K
}
Event: 3503.265 GC heap after
{Heap after GC invocations=12561 (full 109):
 PSYoungGen      total 6912K, used 3324K [0x2e4c0000, 0x2f5c0000, 0x43a00000)
  eden space 3584K, 0% used [0x2e4c0000,0x2e4c0000,0x2e840000)
  from space 3328K, 99% used [0x2e840000,0x2eb7f0d0,0x2eb80000)
  to   space 6912K, 0% used [0x2ef00000,0x2ef00000,0x2f5c0000)
 ParOldGen       total 283392K, used 226679K [0x03a00000, 0x14ec0000, 0x2e4c0000)
  object space 283392K, 79% used [0x03a00000,0x1175dc60,0x14ec0000)
 Metaspace       used 42591K, committed 43136K, reserved 49152K
}
Event: 3503.504 GC heap before
{Heap before GC invocations=12562 (full 109):
 PSYoungGen      total 6912K, used 6855K [0x2e4c0000, 0x2f5c0000, 0x43a00000)
  eden space 3584K, 98% used [0x2e4c0000,0x2e832ea8,0x2e840000)
  from space 3328K, 99% used [0x2e840000,0x2eb7f0d0,0x2eb80000)
  to   space 6912K, 0% used [0x2ef00000,0x2ef00000,0x2f5c0000)
 ParOldGen       total 283392K, used 226679K [0x03a00000, 0x14ec0000, 0x2e4c0000)
  object space 283392K, 79% used [0x03a00000,0x1175dc60,0x14ec0000)
 Metaspace       used 42591K, committed 43136K, reserved 49152K
}
Event: 3503.512 GC heap after
{Heap after GC invocations=12562 (full 109):
 PSYoungGen      total 6656K, used 2840K [0x2e4c0000, 0x2f200000, 0x43a00000)
  eden space 3584K, 0% used [0x2e4c0000,0x2e4c0000,0x2e840000)
  from space 3072K, 92% used [0x2ef00000,0x2f1c62d0,0x2f200000)
  to   space 4096K, 0% used [0x2ea00000,0x2ea00000,0x2ee00000)
 ParOldGen       total 283392K, used 229960K [0x03a00000, 0x14ec0000, 0x2e4c0000)
  object space 283392K, 81% used [0x03a00000,0x11a92038,0x14ec0000)
 Metaspace       used 42591K, committed 43136K, reserved 49152K
}
Event: 3503.553 GC heap before
{Heap before GC invocations=12563 (full 109):
 PSYoungGen      total 6656K, used 6297K [0x2e4c0000, 0x2f200000, 0x43a00000)
  eden space 3584K, 96% used [0x2e4c0000,0x2e8201e8,0x2e840000)
  from space 3072K, 92% used [0x2ef00000,0x2f1c62d0,0x2f200000)
  to   space 4096K, 0% used [0x2ea00000,0x2ea00000,0x2ee00000)
 ParOldGen       total 283392K, used 229960K [0x03a00000, 0x14ec0000, 0x2e4c0000)
  object space 283392K, 81% used [0x03a00000,0x11a92038,0x14ec0000)
 Metaspace       used 42591K, committed 43136K, reserved 49152K
}
Event: 3503.563 GC heap after
{Heap after GC invocations=12563 (full 109):
 PSYoungGen      total 7168K, used 3421K [0x2e4c0000, 0x2ef40000, 0x43a00000)
  eden space 3584K, 0% used [0x2e4c0000,0x2e4c0000,0x2e840000)
  from space 3584K, 95% used [0x2ea00000,0x2ed57688,0x2ed80000)
  to   space 1792K, 0% used [0x2ed80000,0x2ed80000,0x2ef40000)
 ParOldGen       total 283392K, used 232118K [0x03a00000, 0x14ec0000, 0x2e4c0000)
  object space 283392K, 81% used [0x03a00000,0x11cad858,0x14ec0000)
 Metaspace       used 42591K, committed 43136K, reserved 49152K
}
Event: 3503.581 GC heap before
{Heap before GC invocations=12564 (full 109):
 PSYoungGen      total 7168K, used 7005K [0x2e4c0000, 0x2ef40000, 0x43a00000)
  eden space 3584K, 100% used [0x2e4c0000,0x2e840000,0x2e840000)
  from space 3584K, 95% used [0x2ea00000,0x2ed57688,0x2ed80000)
  to   space 1792K, 0% used [0x2ed80000,0x2ed80000,0x2ef40000)
 ParOldGen       total 283392K, used 232118K [0x03a00000, 0x14ec0000, 0x2e4c0000)
  object space 283392K, 81% used [0x03a00000,0x11cad858,0x14ec0000)
 Metaspace       used 42591K, committed 43136K, reserved 49152K
}
Event: 3503.587 GC heap after
{Heap after GC invocations=12564 (full 109):
 PSYoungGen      total 5376K, used 1760K [0x2e4c0000, 0x2ef40000, 0x43a00000)
  eden space 3584K, 0% used [0x2e4c0000,0x2e4c0000,0x2e840000)
  from space 1792K, 98% used [0x2ed80000,0x2ef38000,0x2ef40000)
  to   space 2560K, 0% used [0x2ea40000,0x2ea40000,0x2ecc0000)
 ParOldGen       total 283392K, used 234178K [0x03a00000, 0x14ec0000, 0x2e4c0000)
  object space 283392K, 82% used [0x03a00000,0x11eb0858,0x14ec0000)
 Metaspace       used 42591K, committed 43136K, reserved 49152K
}
Event: 3503.920 GC heap before
{Heap before GC invocations=12565 (full 109):
 PSYoungGen      total 5376K, used 5344K [0x2e4c0000, 0x2ef40000, 0x43a00000)
  eden space 3584K, 100% used [0x2e4c0000,0x2e840000,0x2e840000)
  from space 1792K, 98% used [0x2ed80000,0x2ef38000,0x2ef40000)
  to   space 2560K, 0% used [0x2ea40000,0x2ea40000,0x2ecc0000)
 ParOldGen       total 283392K, used 234178K [0x03a00000, 0x14ec0000, 0x2e4c0000)
  object space 283392K, 82% used [0x03a00000,0x11eb0858,0x14ec0000)
 Metaspace       used 42591K, committed 43136K, reserved 49152K
}
Event: 3503.925 GC heap after
{Heap after GC invocations=12565 (full 109):
 PSYoungGen      total 4608K, used 868K [0x2e4c0000, 0x2edc0000, 0x43a00000)
  eden space 3584K, 0% used [0x2e4c0000,0x2e4c0000,0x2e840000)
  from space 1024K, 84% used [0x2ea40000,0x2eb19210,0x2eb40000)
  to   space 1536K, 0% used [0x2ec40000,0x2ec40000,0x2edc0000)
 ParOldGen       total 283392K, used 235913K [0x03a00000, 0x14ec0000, 0x2e4c0000)
  object space 283392K, 83% used [0x03a00000,0x12062520,0x14ec0000)
 Metaspace       used 42591K, committed 43136K, reserved 49152K
}
Event: 3503.991 GC heap before
{Heap before GC invocations=12566 (full 109):
 PSYoungGen      total 4608K, used 4452K [0x2e4c0000, 0x2edc0000, 0x43a00000)
  eden space 3584K, 100% used [0x2e4c0000,0x2e840000,0x2e840000)
  from space 1024K, 84% used [0x2ea40000,0x2eb19210,0x2eb40000)
  to   space 1536K, 0% used [0x2ec40000,0x2ec40000,0x2edc0000)
 ParOldGen       total 283392K, used 235913K [0x03a00000, 0x14ec0000, 0x2e4c0000)
  object space 283392K, 83% used [0x03a00000,0x12062520,0x14ec0000)
 Metaspace       used 42591K, committed 43136K, reserved 49152K
}
Event: 3503.996 GC heap after
{Heap after GC invocations=12566 (full 109):
 PSYoungGen      total 5120K, used 1425K [0x2e4c0000, 0x2edc0000, 0x43a00000)
  eden space 3584K, 0% used [0x2e4c0000,0x2e4c0000,0x2e840000)
  from space 1536K, 92% used [0x2ec40000,0x2eda4450,0x2edc0000)
  to   space 1536K, 0% used [0x2eac0000,0x2eac0000,0x2ec40000)
 ParOldGen       total 283392K, used 238438K [0x03a00000, 0x14ec0000, 0x2e4c0000)
  object space 283392K, 84% used [0x03a00000,0x122d9928,0x14ec0000)
 Metaspace       used 42591K, committed 43136K, reserved 49152K
}

Deoptimization events (20 events):
Event: 3498.855 Thread 0x4af574e0 DEOPT PACKING pc=0x01ccd845 sp=0x4dc6ee00
Event: 3498.855 Thread 0x4af574e0 DEOPT UNPACKING pc=0x019b4847 sp=0x4dc6eca0 mode 3
Event: 3498.868 Thread 0x4af574e0 DEOPT PACKING pc=0x01a01776 sp=0x4dc6e8a0
Event: 3498.868 Thread 0x4af574e0 DEOPT UNPACKING pc=0x019b4847 sp=0x4dc6e734 mode 3
Event: 3498.911 Thread 0x4af574e0 DEOPT PACKING pc=0x01db17dc sp=0x4dc6ea60
Event: 3498.911 Thread 0x4af574e0 DEOPT UNPACKING pc=0x019b4847 sp=0x4dc6e920 mode 3
Event: 3502.304 Thread 0x4af574e0 DEOPT PACKING pc=0x026a070a sp=0x4dc6e6d0
Event: 3502.304 Thread 0x4af574e0 DEOPT UNPACKING pc=0x019b4847 sp=0x4dc6e554 mode 3
Event: 3502.433 Thread 0x4af574e0 DEOPT PACKING pc=0x01ec100d sp=0x4dc6e280
Event: 3502.433 Thread 0x4af574e0 DEOPT UNPACKING pc=0x019b4847 sp=0x4dc6e108 mode 3
Event: 3502.512 Thread 0x4af574e0 DEOPT PACKING pc=0x0290350a sp=0x4dc6e650
Event: 3502.512 Thread 0x4af574e0 DEOPT UNPACKING pc=0x019b4847 sp=0x4dc6e4cc mode 3
Event: 3502.516 Thread 0x4af574e0 DEOPT PACKING pc=0x01cb7b2c sp=0x4dc6e500
Event: 3502.516 Thread 0x4af574e0 DEOPT UNPACKING pc=0x019b4847 sp=0x4dc6e400 mode 3
Event: 3502.627 Thread 0x4af574e0 DEOPT PACKING pc=0x03676171 sp=0x4dc6f240
Event: 3502.627 Thread 0x4af574e0 DEOPT UNPACKING pc=0x019b4847 sp=0x4dc6f12c mode 3
Event: 3502.820 Thread 0x46bcf558 DEOPT PACKING pc=0x0366758d sp=0x48fde600
Event: 3502.820 Thread 0x46bcf558 DEOPT UNPACKING pc=0x019b4847 sp=0x48fde488 mode 3
Event: 3504.009 Thread 0x4a39b760 DEOPT PACKING pc=0x03662e0c sp=0x48f8eb70
Event: 3504.009 Thread 0x4a39b760 DEOPT UNPACKING pc=0x019b4847 sp=0x48f8e9f0 mode 3

Classes unloaded (20 events):
Event: 3309.906 Thread 0x017eb8b0 Unloading class 0x4c668c08 'jdk/internal/reflect/GeneratedSerializationConstructorAccessor200'
Event: 3309.906 Thread 0x017eb8b0 Unloading class 0x4c668408 'jdk/internal/reflect/GeneratedSerializationConstructorAccessor199'
Event: 3309.906 Thread 0x017eb8b0 Unloading class 0x4c667c08 'jdk/internal/reflect/GeneratedSerializationConstructorAccessor198'
Event: 3309.906 Thread 0x017eb8b0 Unloading class 0x4c667418 'jdk/internal/reflect/GeneratedMethodAccessor74'
Event: 3309.906 Thread 0x017eb8b0 Unloading class 0x4c666c18 'jdk/internal/reflect/GeneratedMethodAccessor73'
Event: 3309.906 Thread 0x017eb8b0 Unloading class 0x4c666408 'jdk/internal/reflect/GeneratedSerializationConstructorAccessor197'
Event: 3309.906 Thread 0x017eb8b0 Unloading class 0x4c665c08 'jdk/internal/reflect/GeneratedSerializationConstructorAccessor196'
Event: 3309.906 Thread 0x017eb8b0 Unloading class 0x4c665408 'jdk/internal/reflect/GeneratedSerializationConstructorAccessor195'
Event: 3309.906 Thread 0x017eb8b0 Unloading class 0x4c664c08 'jdk/internal/reflect/GeneratedSerializationConstructorAccessor194'
Event: 3309.906 Thread 0x017eb8b0 Unloading class 0x4c664408 'jdk/internal/reflect/GeneratedSerializationConstructorAccessor193'
Event: 3309.906 Thread 0x017eb8b0 Unloading class 0x4c663c08 'jdk/internal/reflect/GeneratedSerializationConstructorAccessor192'
Event: 3309.906 Thread 0x017eb8b0 Unloading class 0x4c663408 'jdk/internal/reflect/GeneratedSerializationConstructorAccessor191'
Event: 3309.906 Thread 0x017eb8b0 Unloading class 0x4c662c08 'jdk/internal/reflect/GeneratedSerializationConstructorAccessor190'
Event: 3309.906 Thread 0x017eb8b0 Unloading class 0x4c662408 'jdk/internal/reflect/GeneratedSerializationConstructorAccessor189'
Event: 3309.906 Thread 0x017eb8b0 Unloading class 0x4c661c08 'jdk/internal/reflect/GeneratedSerializationConstructorAccessor188'
Event: 3309.906 Thread 0x017eb8b0 Unloading class 0x4c661408 'jdk/internal/reflect/GeneratedSerializationConstructorAccessor187'
Event: 3309.906 Thread 0x017eb8b0 Unloading class 0x4c660c08 'jdk/internal/reflect/GeneratedSerializationConstructorAccessor186'
Event: 3309.906 Thread 0x017eb8b0 Unloading class 0x4c660408 'jdk/internal/reflect/GeneratedSerializationConstructorAccessor185'
Event: 3426.006 Thread 0x017eb8b0 Unloading class 0x4c678c10 'jdk/internal/reflect/GeneratedConstructorAccessor78'
Event: 3426.006 Thread 0x017eb8b0 Unloading class 0x4c670bf8 'jdk/internal/reflect/GeneratedConstructorAccessor77'

Classes redefined (0 events):
No events

Internal exceptions (20 events):
Event: 3504.005 Thread 0x4a39b760 Implicit null exception at 0x0292d507 to 0x0292ee00
Event: 3504.006 Thread 0x4a39b760 Exception <a 'java/lang/NullPointerException'{0x2e5b9a68}> (0x2e5b9a68) 
thrown [e:\jenkins\tmp\workspace\build\src\src\hotspot\share\runtime\sharedRuntime.cpp, line 628]
Event: 3504.006 Thread 0x4a39b760 Implicit null exception at 0x0292d507 to 0x0292ee00
Event: 3504.006 Thread 0x4a39b760 Exception <a 'java/lang/NullPointerException'{0x2e5d0e28}> (0x2e5d0e28) 
thrown [e:\jenkins\tmp\workspace\build\src\src\hotspot\share\runtime\sharedRuntime.cpp, line 628]
Event: 3504.006 Thread 0x4a39b760 Implicit null exception at 0x0292d507 to 0x0292ee00
Event: 3504.006 Thread 0x4a39b760 Exception <a 'java/lang/NullPointerException'{0x2e5d1078}> (0x2e5d1078) 
thrown [e:\jenkins\tmp\workspace\build\src\src\hotspot\share\runtime\sharedRuntime.cpp, line 628]
Event: 3504.006 Thread 0x4a39b760 Implicit null exception at 0x0292d507 to 0x0292ee00
Event: 3504.006 Thread 0x4a39b760 Exception <a 'java/lang/NullPointerException'{0x2e5d12c8}> (0x2e5d12c8) 
thrown [e:\jenkins\tmp\workspace\build\src\src\hotspot\share\runtime\sharedRuntime.cpp, line 628]
Event: 3504.012 Thread 0x4a39b760 Implicit null exception at 0x0292d507 to 0x0292ee00
Event: 3504.012 Thread 0x4a39b760 Exception <a 'java/lang/NullPointerException'{0x2e6883a8}> (0x2e6883a8) 
thrown [e:\jenkins\tmp\workspace\build\src\src\hotspot\share\runtime\sharedRuntime.cpp, line 628]
Event: 3504.012 Thread 0x4a39b760 Implicit null exception at 0x0292d507 to 0x0292ee00
Event: 3504.012 Thread 0x4a39b760 Exception <a 'java/lang/NullPointerException'{0x2e688840}> (0x2e688840) 
thrown [e:\jenkins\tmp\workspace\build\src\src\hotspot\share\runtime\sharedRuntime.cpp, line 628]
Event: 3504.012 Thread 0x4a39b760 Implicit null exception at 0x0292d507 to 0x0292ee00
Event: 3504.012 Thread 0x4a39b760 Exception <a 'java/lang/NullPointerException'{0x2e688b98}> (0x2e688b98) 
thrown [e:\jenkins\tmp\workspace\build\src\src\hotspot\share\runtime\sharedRuntime.cpp, line 628]
Event: 3504.012 Thread 0x4a39b760 Implicit null exception at 0x0292d507 to 0x0292ee00
Event: 3504.012 Thread 0x4a39b760 Exception <a 'java/lang/NullPointerException'{0x2e690ed0}> (0x2e690ed0) 
thrown [e:\jenkins\tmp\workspace\build\src\src\hotspot\share\runtime\sharedRuntime.cpp, line 628]
Event: 3504.012 Thread 0x4a39b760 Implicit null exception at 0x0292d507 to 0x0292ee00
Event: 3504.012 Thread 0x4a39b760 Exception <a 'java/lang/NullPointerException'{0x2e691388}> (0x2e691388) 
thrown [e:\jenkins\tmp\workspace\build\src\src\hotspot\share\runtime\sharedRuntime.cpp, line 628]
Event: 3504.012 Thread 0x4a39b760 Implicit null exception at 0x0292d507 to 0x0292ee00
Event: 3504.012 Thread 0x4a39b760 Exception <a 'java/lang/NullPointerException'{0x2e691800}> (0x2e691800) 
thrown [e:\jenkins\tmp\workspace\build\src\src\hotspot\share\runtime\sharedRuntime.cpp, line 628]

VM Operations (20 events):
Event: 3502.910 Executing VM operation: ParallelGCFailedAllocation
Event: 3502.917 Executing VM operation: ParallelGCFailedAllocation done
Event: 3502.952 Executing VM operation: ParallelGCFailedAllocation
Event: 3502.960 Executing VM operation: ParallelGCFailedAllocation done
Event: 3503.011 Executing VM operation: ParallelGCFailedAllocation
Event: 3503.018 Executing VM operation: ParallelGCFailedAllocation done
Event: 3503.084 Executing VM operation: ParallelGCFailedAllocation
Event: 3503.094 Executing VM operation: ParallelGCFailedAllocation done
Event: 3503.254 Executing VM operation: ParallelGCFailedAllocation
Event: 3503.265 Executing VM operation: ParallelGCFailedAllocation done
Event: 3503.504 Executing VM operation: ParallelGCFailedAllocation
Event: 3503.513 Executing VM operation: ParallelGCFailedAllocation done
Event: 3503.553 Executing VM operation: ParallelGCFailedAllocation
Event: 3503.563 Executing VM operation: ParallelGCFailedAllocation done
Event: 3503.581 Executing VM operation: ParallelGCFailedAllocation
Event: 3503.587 Executing VM operation: ParallelGCFailedAllocation done
Event: 3503.920 Executing VM operation: ParallelGCFailedAllocation
Event: 3503.925 Executing VM operation: ParallelGCFailedAllocation done
Event: 3503.991 Executing VM operation: ParallelGCFailedAllocation
Event: 3503.996 Executing VM operation: ParallelGCFailedAllocation done

Events (20 events):
Event: 3466.269 Thread 0x4af57b30 Thread exited: 0x4af57b30
Event: 3467.786 Thread 0x4af56840 Thread added: 0x4af56840
Event: 3467.802 Thread 0x4af56840 Thread exited: 0x4af56840
Event: 3471.518 Thread 0x46b61460 flushing nmethod 0x02b7b188
Event: 3471.519 Thread 0x46b61460 flushing nmethod 0x02de3708
Event: 3472.435 Thread 0x4af57b30 Thread added: 0x4af57b30
Event: 3472.484 Thread 0x4af57b30 Thread exited: 0x4af57b30
Event: 3476.750 Thread 0x4af54260 Thread added: 0x4af54260
Event: 3476.756 Thread 0x4af57b30 Thread added: 0x4af57b30
Event: 3476.756 Thread 0x4af55228 Thread added: 0x4af55228
Event: 3476.987 Thread 0x4af54588 Thread added: 0x4af54588
Event: 3479.288 Thread 0x4af56518 Thread added: 0x4af56518
Event: 3479.314 Thread 0x4af56518 Thread exited: 0x4af56518
Event: 3484.830 Thread 0x46bcf880 Thread exited: 0x46bcf880
Event: 3497.581 Thread 0x4af55550 Thread added: 0x4af55550
Event: 3497.636 Thread 0x4af55550 Thread exited: 0x4af55550
Event: 3499.187 Thread 0x4af548b0 Thread added: 0x4af548b0
Event: 3499.192 Thread 0x4af548b0 Thread exited: 0x4af548b0
Event: 3503.567 Thread 0x4af55ba0 Thread added: 0x4af55ba0
Event: 3503.570 Thread 0x4af55ba0 Thread exited: 0x4af55ba0


Dynamic libraries:
0x00040000 - 0x0004c000 	C:\Program Files\Eclipse Adoptium\jdk-17.0.3.7-hotspot\bin\java.exe
0x77bf0000 - 0x77d8f000 	C:\Windows\SYSTEM32\ntdll.dll
0x77910000 - 0x779aa000 	C:\Windows\System32\KERNEL32.DLL
0x75b30000 - 0x75d46000 	C:\Windows\System32\KERNELBASE.dll
0x73bf0000 - 0x73c8f000 	C:\Windows\SYSTEM32\apphelp.dll
0x75fc0000 - 0x760e0000 	C:\Windows\System32\ucrtbase.dll
0x792d0000 - 0x792e4000 	C:\Program Files\Eclipse Adoptium\jdk-17.0.3.7-hotspot\bin\jli.dll
0x77790000 - 0x77909000 	C:\Windows\System32\USER32.dll
0x75d50000 - 0x75d6d000 	C:\Windows\System32\win32u.dll
0x77bc0000 - 0x77be2000 	C:\Windows\System32\GDI32.dll
0x75e60000 - 0x75f3b000 	C:\Windows\System32\gdi32full.dll
0x75f40000 - 0x75fbb000 	C:\Windows\System32\msvcp_win.dll
0x792f0000 - 0x79304000 	C:\Program Files\Eclipse Adoptium\jdk-17.0.3.7-hotspot\bin\VCRUNTIME140.dll
0x68ee0000 - 0x690f0000 	C:\Windows\WinSxS\x86_microsoft.windows.common-controls_6595b64144ccf1df_6.0.19041.1110_none_a8625c1886757984\COMCTL32.dll
0x76d10000 - 0x76dcf000 	C:\Windows\System32\msvcrt.dll
0x77b90000 - 0x77bb6000 	C:\Windows\System32\IMM32.DLL
0x79320000 - 0x79391000 	C:\Program Files\Eclipse Adoptium\jdk-17.0.3.7-hotspot\bin\msvcp140.dll
0x7a880000 - 0x7b0a3000 	C:\Program Files\Eclipse Adoptium\jdk-17.0.3.7-hotspot\bin\server\jvm.dll
0x77440000 - 0x774bb000 	C:\Windows\System32\ADVAPI32.dll
0x76bb0000 - 0x76c26000 	C:\Windows\System32\sechost.dll
0x77370000 - 0x77434000 	C:\Windows\System32\RPCRT4.dll
0x76e30000 - 0x76e36000 	C:\Windows\System32\PSAPI.DLL
0x79310000 - 0x79318000 	C:\Windows\SYSTEM32\WSOCK32.dll
0x76e40000 - 0x76ea3000 	C:\Windows\System32\WS2_32.dll
0x6e990000 - 0x6e9b8000 	C:\Windows\SYSTEM32\WINMM.dll
0x6f0a0000 - 0x6f0a8000 	C:\Windows\SYSTEM32\VERSION.dll
0x740b0000 - 0x740bf000 	C:\Windows\SYSTEM32\kernel.appcore.dll
0x793a0000 - 0x793a9000 	C:\Program Files\Eclipse Adoptium\jdk-17.0.3.7-hotspot\bin\jimage.dll
0x65140000 - 0x652c8000 	C:\Windows\SYSTEM32\DBGHELP.DLL
0x65400000 - 0x65426000 	C:\Windows\SYSTEM32\dbgcore.DLL
0x76130000 - 0x7618f000 	C:\Windows\System32\bcryptPrimitives.dll
0x793b0000 - 0x793d1000 	C:\Program Files\Eclipse Adoptium\jdk-17.0.3.7-hotspot\bin\java.dll
0x76290000 - 0x76846000 	C:\Windows\System32\SHELL32.dll
0x74250000 - 0x7485c000 	C:\Windows\SYSTEM32\windows.storage.dll
0x76870000 - 0x76aef000 	C:\Windows\System32\combase.dll
0x756a0000 - 0x756c4000 	C:\Windows\SYSTEM32\Wldp.dll
0x77a50000 - 0x77ad7000 	C:\Windows\System32\SHCORE.dll
0x77740000 - 0x77785000 	C:\Windows\System32\shlwapi.dll
0x75a90000 - 0x75aa8000 	C:\Windows\SYSTEM32\profapi.dll
0x793e0000 - 0x793f4000 	C:\Program Files\Eclipse Adoptium\jdk-17.0.3.7-hotspot\bin\net.dll
0x6bd50000 - 0x6be19000 	C:\Windows\SYSTEM32\WINHTTP.dll
0x75470000 - 0x754c6000 	C:\Windows\system32\mswsock.dll
0x79400000 - 0x79412000 	C:\Program Files\Eclipse Adoptium\jdk-17.0.3.7-hotspot\bin\nio.dll
0x79420000 - 0x79434000 	C:\Program Files\Eclipse Adoptium\jdk-17.0.3.7-hotspot\bin\zip.dll
0x75600000 - 0x75613000 	C:\Windows\SYSTEM32\CRYPTSP.dll
0x74ed0000 - 0x74eff000 	C:\Windows\system32\rsaenh.dll
0x75d70000 - 0x75d8b000 	C:\Windows\System32\bcrypt.dll
0x75a20000 - 0x75a45000 	C:\Windows\SYSTEM32\USERENV.dll
0x75620000 - 0x7562a000 	C:\Windows\SYSTEM32\CRYPTBASE.dll
0x751a0000 - 0x751d2000 	C:\Windows\SYSTEM32\IPHLPAPI.DLL
0x774c0000 - 0x774c7000 	C:\Windows\System32\NSI.dll
0x6a680000 - 0x6a694000 	C:\Windows\SYSTEM32\dhcpcsvc6.DLL
0x6c850000 - 0x6c866000 	C:\Windows\SYSTEM32\dhcpcsvc.DLL
0x751e0000 - 0x75271000 	C:\Windows\SYSTEM32\DNSAPI.dll
0x79440000 - 0x7944d000 	C:\Program Files\Eclipse Adoptium\jdk-17.0.3.7-hotspot\bin\verify.dll
0x794d0000 - 0x7950a000 	C:\Users\Admin-Pc\AppData\Local\Temp\jna--904520335\jna5180891172443419372.dll
0x79450000 - 0x7945b000 	C:\Program Files\Eclipse Adoptium\jdk-17.0.3.7-hotspot\bin\sunmscapi.dll
0x76190000 - 0x7628a000 	C:\Windows\System32\CRYPT32.dll
0x75700000 - 0x75721000 	C:\Windows\SYSTEM32\ncrypt.dll
0x756d0000 - 0x756f8000 	C:\Windows\SYSTEM32\NTASN1.dll

dbghelp: loaded successfully - version: 4.0.5 - missing functions: none
symbol engine: initialized successfully - sym options: 0x614 - pdb path: .;C:\Program Files\Eclipse Adoptium\jdk-17.0.3.7-hotspot\bin;C:\Windows\SYSTEM32;C:\Windows\WinSxS\x86_microsoft.windows.common-controls_6595b64144ccf1df_6.0.19041.1110_none_a8625c1886757984;C:\Program Files\Eclipse Adoptium\jdk-17.0.3.7-hotspot\bin\server;C:\Users\Admin-Pc\AppData\Local\Temp\jna--904520335

VM Arguments:
jvm_args: --add-modules=ALL-SYSTEM --add-opens=java.base/java.util=ALL-UNNAMED --add-opens=java.base/java.lang=ALL-UNNAMED --add-opens=java.base/sun.nio.fs=ALL-UNNAMED -Declipse.application=org.eclipse.jdt.ls.core.id1 -Dosgi.bundles.defaultStartLevel=4 -Declipse.product=org.eclipse.jdt.ls.core.product -Djava.import.generatesMetadataFilesAtProjectRoot=false -Dfile.encoding=utf8 -DwatchParentProcess=false -XX:+UseParallelGC -XX:GCTimeRatio=4 -XX:AdaptiveSizePolicyWeight=90 -Dsun.zip.disableMemoryMapping=true -Xmx1G -Xms100m -XX:+HeapDumpOnOutOfMemoryError -XX:HeapDumpPath=c:\Users\Admin-Pc\AppData\Roaming\Code\User\workspaceStorage\6ebe0c19253e63d6540f32d0a9387544\redhat.java 
java_command: c:\Users\Admin-Pc\.vscode\extensions\redhat.java-1.7.0-win32-ia32\server\plugins\org.eclipse.equinox.launcher_1.6.400.v20210924-0641.jar -configuration c:\Users\Admin-Pc\AppData\Roaming\Code\User\globalStorage\redhat.java\1.7.0\config_win -data c:\Users\Admin-Pc\AppData\Roaming\Code\User\workspaceStorage\6ebe0c19253e63d6540f32d0a9387544\redhat.java\jdt_ws
java_class_path (initial): c:\Users\Admin-Pc\.vscode\extensions\redhat.java-1.7.0-win32-ia32\server\plugins\org.eclipse.equinox.launcher_1.6.400.v20210924-0641.jar
Launcher Type: SUN_STANDARD

[Global flags]
    uintx AdaptiveSizePolicyWeight                 = 90                                        {product} {command line}
     intx CICompilerCount                          = 1                                         {product} {ergonomic}
    uintx CodeCacheExpansionSize                   = 32768                                  {pd product} {ergonomic}
    uintx GCTimeRatio                              = 4                                         {product} {command line}
     bool HeapDumpOnOutOfMemoryError               = true                                   {manageable} {command line}
    ccstr HeapDumpPath                             = c:\Users\Admin-Pc\AppData\Roaming\Code\User\workspaceStorage\6ebe0c19253e63d6540f32d0a9387544\redhat.java         {manageable} {command line}
    uintx InitialCodeCacheSize                     = 163840                                 {pd product} {ergonomic}
   size_t InitialHeapSize                          = 104857600                                 {product} {command line}
   size_t MaxHeapSize                              = 1073741824                                {product} {command line}
   size_t MaxNewSize                               = 357826560                                 {product} {ergonomic}
   size_t MinHeapDeltaBytes                        = 262144                                    {product} {ergonomic}
   size_t MinHeapSize                              = 104857600                                 {product} {command line}
     bool NeverActAsServerClassMachine             = true                                   {pd product} {ergonomic}
   size_t NewSize                                  = 34865152                                  {product} {ergonomic}
    uintx NonNMethodCodeHeapSize                   = 5242880                                {pd product} {ergonomic}
    uintx NonProfiledCodeHeapSize                  = 0                                      {pd product} {ergonomic}
   size_t OldSize                                  = 69992448                                  {product} {ergonomic}
     bool ProfileInterpreter                       = false                                  {pd product} {ergonomic}
    uintx ProfiledCodeHeapSize                     = 0                                      {pd product} {ergonomic}
    uintx ReservedCodeCacheSize                    = 33554432                               {pd product} {ergonomic}
   size_t SoftMaxHeapSize                          = 1073741824                             {manageable} {ergonomic}
     bool UseLargePagesIndividualAllocation        = false                                  {pd product} {ergonomic}
     bool UseParallelGC                            = true                                      {product} {command line}

Logging:
Log output configuration:
 #0: stdout all=warning uptime,level,tags
 #1: stderr all=off uptime,level,tags

Environment Variables:
JAVA_HOME=C:\Program Files\Eclipse Adoptium\jdk-17.0.3.7-hotspot\
PATH=C:\Program Files\Eclipse Adoptium\jdk-17.0.3.7-hotspot\bin;C:\Windows\system32;C:\Windows;C:\Windows\System32\Wbem;C:\Windows\System32\WindowsPowerShell\v1.0\;C:\Windows\System32\OpenSSH\;C:\Users\Admin-Pc\Desktop\FELIPE\JAVA\apache-maven-3.8.5\bin;C:\Users\Admin-Pc\AppData\Local\Microsoft\WindowsApps;C:\Users\Admin-Pc\AppData\Local\Programs\Microsoft VS Code\bin
USERNAME=Admin-Pc
OS=Windows_NT
PROCESSOR_IDENTIFIER=x86 Family 6 Model 69 Stepping 1, GenuineIntel



---------------  S Y S T E M  ---------------

OS:
 Windows 10 Build 19041 (10.0.19041.1741)
OS uptime: 0 days 1:07 hours

CPU: total 4 (initial active 4) (2 cores per cpu, 2 threads per core) family 6 model 69 stepping 1 microcode 0x25, cx8, cmov, fxsr, ht, mmx, sse, sse2, sse3, ssse3, sse4.1, sse4.2, popcnt, lzcnt, tsc, tscinvbit, avx, avx2, aes, erms, clmul, bmi1, bmi2, fma, vzeroupper, clflush

Memory: 4k page, system-wide physical 3225M (481M free)
TotalPageFile size 5785M (AvailPageFile size 1103M), user-mode portion of virtual address-space 2047M (759M free)
current process WorkingSet (physical memory assigned to process): 418M, peak: 456M
current process commit charge ("private bytes"): 441M, peak: 501M

vm_info: OpenJDK Server VM (17.0.3+7) for windows-x86 JRE (17.0.3+7), built on Apr 19 2022 16:47:17 by "" with MS VC++ 16.7 (VS2019)

END.
